<?xml version="1.0" encoding="UTF-8"?>
<coverage generated="1772442975212" clover="3.2.0">
  <project timestamp="1772442975213" name="All files">
    <metrics statements="120" coveredstatements="97" conditionals="199" coveredconditionals="117" methods="33" coveredmethods="20" elements="352" coveredelements="234" complexity="0" loc="120" ncloc="120" packages="1" files="1" classes="1"/>
    <file name="App.jsx" path="C:\Users\Hariharan\Downloads\AI Agent Tasks\AURA\aura-frontend\src\App.jsx">
      <metrics statements="120" coveredstatements="97" conditionals="199" coveredconditionals="117" methods="33" coveredmethods="20"/>
      <line num="33" count="22" type="stmt"/>
      <line num="34" count="22" type="stmt"/>
      <line num="35" count="22" type="stmt"/>
      <line num="37" count="22" type="stmt"/>
      <line num="38" count="22" type="stmt"/>
      <line num="39" count="22" type="stmt"/>
      <line num="40" count="22" type="stmt"/>
      <line num="41" count="22" type="stmt"/>
      <line num="43" count="22" type="stmt"/>
      <line num="44" count="22" type="stmt"/>
      <line num="45" count="22" type="stmt"/>
      <line num="47" count="22" type="stmt"/>
      <line num="50" count="22" type="stmt"/>
      <line num="52" count="22" type="stmt"/>
      <line num="53" count="22" type="stmt"/>
      <line num="55" count="22" type="stmt"/>
      <line num="56" count="22" type="stmt"/>
      <line num="58" count="22" type="stmt"/>
      <line num="60" count="22" type="stmt"/>
      <line num="74" count="22" type="stmt"/>
      <line num="75" count="10" type="stmt"/>
      <line num="78" count="22" type="stmt"/>
      <line num="79" count="5" type="stmt"/>
      <line num="80" count="5" type="stmt"/>
      <line num="81" count="5" type="stmt"/>
      <line num="84" count="22" type="stmt"/>
      <line num="85" count="8" type="stmt"/>
      <line num="86" count="8" type="stmt"/>
      <line num="87" count="8" type="cond" truecount="1" falsecount="1"/>
      <line num="91" count="22" type="stmt"/>
      <line num="92" count="4" type="stmt"/>
      <line num="93" count="4" type="cond" truecount="2" falsecount="0"/>
      <line num="94" count="3" type="stmt"/>
      <line num="95" count="3" type="stmt"/>
      <line num="96" count="3" type="stmt"/>
      <line num="97" count="3" type="stmt"/>
      <line num="98" count="3" type="stmt"/>
      <line num="99" count="3" type="stmt"/>
      <line num="101" count="3" type="cond" truecount="1" falsecount="1"/>
      <line num="105" count="22" type="stmt"/>
      <line num="106" count="1" type="stmt"/>
      <line num="109" count="22" type="stmt"/>
      <line num="110" count="3" type="stmt"/>
      <line num="111" count="3" type="stmt"/>
      <line num="113" count="3" type="stmt"/>
      <line num="114" count="3" type="stmt"/>
      <line num="115" count="3" type="stmt"/>
      <line num="116" count="3" type="stmt"/>
      <line num="118" count="0" type="stmt"/>
      <line num="121" count="3" type="cond" truecount="1" falsecount="1"/>
      <line num="122" count="3" type="stmt"/>
      <line num="123" count="3" type="stmt"/>
      <line num="124" count="3" type="stmt"/>
      <line num="126" count="3" type="stmt"/>
      <line num="128" count="3" type="stmt"/>
      <line num="131" count="22" type="stmt"/>
      <line num="132" count="2" type="stmt"/>
      <line num="133" count="2" type="cond" truecount="2" falsecount="0"/>
      <line num="135" count="1" type="stmt"/>
      <line num="136" count="1" type="stmt"/>
      <line num="142" count="1" type="stmt"/>
      <line num="143" count="1" type="stmt"/>
      <line num="145" count="1" type="stmt"/>
      <line num="147" count="1" type="stmt"/>
      <line num="148" count="1" type="stmt"/>
      <line num="157" count="1" type="cond" truecount="1" falsecount="1"/>
      <line num="159" count="1" type="stmt"/>
      <line num="160" count="1" type="stmt"/>
      <line num="161" count="1" type="stmt"/>
      <line num="162" count="1" type="stmt"/>
      <line num="164" count="1" type="stmt"/>
      <line num="166" count="1" type="stmt"/>
      <line num="167" count="2" type="stmt"/>
      <line num="168" count="2" type="stmt"/>
      <line num="170" count="2" type="cond" truecount="2" falsecount="0"/>
      <line num="171" count="1" type="stmt"/>
      <line num="172" count="1" type="stmt"/>
      <line num="174" count="1" type="stmt"/>
      <line num="175" count="1" type="cond" truecount="3" falsecount="1"/>
      <line num="176" count="1" type="stmt"/>
      <line num="177" count="1" type="stmt"/>
      <line num="180" count="1" type="stmt"/>
      <line num="183" count="1" type="stmt"/>
      <line num="184" count="1" type="cond" truecount="1" falsecount="1"/>
      <line num="185" count="0" type="stmt"/>
      <line num="189" count="1" type="stmt"/>
      <line num="192" count="1" type="stmt"/>
      <line num="193" count="1" type="stmt"/>
      <line num="194" count="1" type="stmt"/>
      <line num="195" count="1" type="stmt"/>
      <line num="200" count="0" type="stmt"/>
      <line num="201" count="0" type="stmt"/>
      <line num="202" count="0" type="stmt"/>
      <line num="203" count="0" type="stmt"/>
      <line num="206" count="1" type="stmt"/>
      <line num="210" count="22" type="stmt"/>
      <line num="269" count="1" type="stmt"/>
      <line num="278" count="0" type="stmt"/>
      <line num="282" count="11" type="stmt"/>
      <line num="309" count="3" type="stmt"/>
      <line num="337" count="3" type="stmt"/>
      <line num="371" count="0" type="stmt"/>
      <line num="421" count="0" type="stmt"/>
      <line num="456" count="0" type="stmt"/>
      <line num="465" count="0" type="cond" truecount="0" falsecount="2"/>
      <line num="485" count="0" type="stmt"/>
      <line num="490" count="0" type="stmt"/>
      <line num="499" count="8" type="stmt"/>
      <line num="500" count="8" type="stmt"/>
      <line num="531" count="1" type="stmt"/>
      <line num="557" count="0" type="cond" truecount="0" falsecount="2"/>
      <line num="559" count="0" type="stmt"/>
      <line num="560" count="0" type="cond" truecount="0" falsecount="6"/>
      <line num="563" count="0" type="cond" truecount="0" falsecount="4"/>
      <line num="566" count="0" type="cond" truecount="0" falsecount="4"/>
      <line num="568" count="0" type="cond" truecount="0" falsecount="2"/>
      <line num="569" count="0" type="cond" truecount="0" falsecount="2"/>
      <line num="571" count="0" type="cond" truecount="0" falsecount="3"/>
      <line num="572" count="0" type="cond" truecount="0" falsecount="3"/>
      <line num="574" count="0" type="cond" truecount="0" falsecount="4"/>
    </file>
  </project>
</coverage>
