{"C:\\Users\\Hariharan\\Downloads\\AI Agent Tasks\\AURA\\aura-frontend\\src\\App.jsx": {"path":"C:\\Users\\Hariharan\\Downloads\\AI Agent Tasks\\AURA\\aura-frontend\\src\\App.jsx","statementMap":{"0":{"start":{"line":33,"column":20},"end":{"line":33,"column":null}},"1":{"start":{"line":34,"column":30},"end":{"line":34,"column":null}},"2":{"start":{"line":35,"column":28},"end":{"line":35,"column":null}},"3":{"start":{"line":37,"column":26},"end":{"line":37,"column":null}},"4":{"start":{"line":38,"column":24},"end":{"line":38,"column":null}},"5":{"start":{"line":39,"column":24},"end":{"line":39,"column":null}},"6":{"start":{"line":40,"column":28},"end":{"line":40,"column":null}},"7":{"start":{"line":41,"column":22},"end":{"line":41,"column":null}},"8":{"start":{"line":43,"column":36},"end":{"line":43,"column":null}},"9":{"start":{"line":44,"column":32},"end":{"line":44,"column":null}},"10":{"start":{"line":45,"column":34},"end":{"line":45,"column":null}},"11":{"start":{"line":47,"column":42},"end":{"line":47,"column":null}},"12":{"start":{"line":50,"column":42},"end":{"line":50,"column":null}},"13":{"start":{"line":52,"column":34},"end":{"line":52,"column":null}},"14":{"start":{"line":53,"column":38},"end":{"line":53,"column":null}},"15":{"start":{"line":55,"column":8},"end":{"line":55,"column":null}},"16":{"start":{"line":56,"column":8},"end":{"line":56,"column":null}},"17":{"start":{"line":58,"column":8},"end":{"line":58,"column":null}},"18":{"start":{"line":60,"column":8},"end":{"line":72,"column":null}},"19":{"start":{"line":60,"column":24},"end":{"line":72,"column":6}},"20":{"start":{"line":74,"column":2},"end":{"line":76,"column":null}},"21":{"start":{"line":75,"column":4},"end":{"line":75,"column":null}},"22":{"start":{"line":78,"column":2},"end":{"line":82,"column":null}},"23":{"start":{"line":79,"column":4},"end":{"line":79,"column":null}},"24":{"start":{"line":80,"column":4},"end":{"line":80,"column":null}},"25":{"start":{"line":81,"column":4},"end":{"line":81,"column":null}},"26":{"start":{"line":81,"column":18},"end":{"line":81,"column":null}},"27":{"start":{"line":84,"column":23},"end":{"line":89,"column":null}},"28":{"start":{"line":85,"column":4},"end":{"line":88,"column":null}},"29":{"start":{"line":86,"column":18},"end":{"line":86,"column":null}},"30":{"start":{"line":87,"column":6},"end":{"line":87,"column":null}},"31":{"start":{"line":87,"column":27},"end":{"line":87,"column":null}},"32":{"start":{"line":91,"column":18},"end":{"line":103,"column":null}},"33":{"start":{"line":92,"column":4},"end":{"line":92,"column":null}},"34":{"start":{"line":93,"column":4},"end":{"line":93,"column":null}},"35":{"start":{"line":93,"column":14},"end":{"line":93,"column":null}},"36":{"start":{"line":94,"column":4},"end":{"line":94,"column":null}},"37":{"start":{"line":95,"column":4},"end":{"line":102,"column":null}},"38":{"start":{"line":96,"column":18},"end":{"line":96,"column":null}},"39":{"start":{"line":97,"column":6},"end":{"line":97,"column":null}},"40":{"start":{"line":98,"column":6},"end":{"line":98,"column":null}},"41":{"start":{"line":99,"column":6},"end":{"line":99,"column":null}},"42":{"start":{"line":101,"column":6},"end":{"line":101,"column":null}},"43":{"start":{"line":101,"column":27},"end":{"line":101,"column":null}},"44":{"start":{"line":105,"column":22},"end":{"line":107,"column":null}},"45":{"start":{"line":106,"column":4},"end":{"line":106,"column":null}},"46":{"start":{"line":109,"column":15},"end":{"line":129,"column":null}},"47":{"start":{"line":110,"column":14},"end":{"line":110,"column":null}},"48":{"start":{"line":111,"column":14},"end":{"line":111,"column":null}},"49":{"start":{"line":113,"column":16},"end":{"line":113,"column":null}},"50":{"start":{"line":114,"column":4},"end":{"line":119,"column":null}},"51":{"start":{"line":115,"column":18},"end":{"line":115,"column":null}},"52":{"start":{"line":116,"column":8},"end":{"line":116,"column":null}},"53":{"start":{"line":118,"column":8},"end":{"line":118,"column":null}},"54":{"start":{"line":121,"column":4},"end":{"line":121,"column":null}},"55":{"start":{"line":121,"column":26},"end":{"line":121,"column":null}},"56":{"start":{"line":122,"column":4},"end":{"line":122,"column":null}},"57":{"start":{"line":123,"column":4},"end":{"line":123,"column":null}},"58":{"start":{"line":124,"column":4},"end":{"line":124,"column":null}},"59":{"start":{"line":126,"column":4},"end":{"line":126,"column":null}},"60":{"start":{"line":128,"column":4},"end":{"line":128,"column":null}},"61":{"start":{"line":131,"column":28},"end":{"line":208,"column":null}},"62":{"start":{"line":132,"column":4},"end":{"line":132,"column":null}},"63":{"start":{"line":133,"column":4},"end":{"line":133,"column":null}},"64":{"start":{"line":133,"column":27},"end":{"line":133,"column":null}},"65":{"start":{"line":135,"column":24},"end":{"line":135,"column":null}},"66":{"start":{"line":136,"column":4},"end":{"line":140,"column":null}},"67":{"start":{"line":136,"column":27},"end":{"line":140,"column":5}},"68":{"start":{"line":142,"column":4},"end":{"line":142,"column":null}},"69":{"start":{"line":143,"column":4},"end":{"line":143,"column":null}},"70":{"start":{"line":145,"column":4},"end":{"line":145,"column":null}},"71":{"start":{"line":147,"column":4},"end":{"line":207,"column":null}},"72":{"start":{"line":148,"column":23},"end":{"line":155,"column":null}},"73":{"start":{"line":157,"column":6},"end":{"line":157,"column":null}},"74":{"start":{"line":157,"column":24},"end":{"line":157,"column":null}},"75":{"start":{"line":159,"column":21},"end":{"line":159,"column":null}},"76":{"start":{"line":160,"column":22},"end":{"line":160,"column":null}},"77":{"start":{"line":161,"column":17},"end":{"line":161,"column":null}},"78":{"start":{"line":162,"column":30},"end":{"line":162,"column":null}},"79":{"start":{"line":164,"column":27},"end":{"line":164,"column":null}},"80":{"start":{"line":166,"column":6},"end":{"line":198,"column":null}},"81":{"start":{"line":167,"column":44},"end":{"line":167,"column":null}},"82":{"start":{"line":168,"column":8},"end":{"line":168,"column":null}},"83":{"start":{"line":170,"column":8},"end":{"line":197,"column":null}},"84":{"start":{"line":171,"column":24},"end":{"line":171,"column":null}},"85":{"start":{"line":172,"column":10},"end":{"line":172,"column":null}},"86":{"start":{"line":174,"column":29},"end":{"line":174,"column":null}},"87":{"start":{"line":175,"column":10},"end":{"line":190,"column":null}},"88":{"start":{"line":176,"column":26},"end":{"line":176,"column":null}},"89":{"start":{"line":176,"column":60},"end":{"line":176,"column":68}},"90":{"start":{"line":177,"column":12},"end":{"line":177,"column":null}},"91":{"start":{"line":180,"column":12},"end":{"line":180,"column":null}},"92":{"start":{"line":183,"column":12},"end":{"line":187,"column":null}},"93":{"start":{"line":184,"column":16},"end":{"line":186,"column":null}},"94":{"start":{"line":185,"column":20},"end":{"line":185,"column":null}},"95":{"start":{"line":189,"column":12},"end":{"line":189,"column":null}},"96":{"start":{"line":192,"column":10},"end":{"line":196,"column":null}},"97":{"start":{"line":193,"column":31},"end":{"line":193,"column":null}},"98":{"start":{"line":194,"column":12},"end":{"line":194,"column":null}},"99":{"start":{"line":195,"column":12},"end":{"line":195,"column":null}},"100":{"start":{"line":200,"column":6},"end":{"line":204,"column":null}},"101":{"start":{"line":201,"column":27},"end":{"line":201,"column":null}},"102":{"start":{"line":202,"column":8},"end":{"line":202,"column":null}},"103":{"start":{"line":203,"column":8},"end":{"line":203,"column":null}},"104":{"start":{"line":206,"column":6},"end":{"line":206,"column":null}},"105":{"start":{"line":210,"column":2},"end":{"line":586,"column":null}},"106":{"start":{"line":269,"column":43},"end":{"line":269,"column":71}},"107":{"start":{"line":278,"column":37},"end":{"line":278,"column":66}},"108":{"start":{"line":278,"column":66},"end":{"line":278,"column":88}},"109":{"start":{"line":278,"column":88},"end":{"line":278,"column":107}},"110":{"start":{"line":278,"column":107},"end":{"line":278,"column":131}},"111":{"start":{"line":282,"column":39},"end":{"line":282,"column":96}},"112":{"start":{"line":309,"column":37},"end":{"line":309,"column":null}},"113":{"start":{"line":337,"column":62},"end":{"line":337,"column":81}},"114":{"start":{"line":371,"column":41},"end":{"line":371,"column":null}},"115":{"start":{"line":421,"column":41},"end":{"line":421,"column":null}},"116":{"start":{"line":456,"column":37},"end":{"line":456,"column":null}},"117":{"start":{"line":465,"column":37},"end":{"line":465,"column":null}},"118":{"start":{"line":485,"column":53},"end":{"line":485,"column":89}},"119":{"start":{"line":490,"column":53},"end":{"line":490,"column":85}},"120":{"start":{"line":499,"column":44},"end":{"line":499,"column":null}},"121":{"start":{"line":500,"column":24},"end":{"line":512,"column":null}},"122":{"start":{"line":531,"column":63},"end":{"line":531,"column":93}},"123":{"start":{"line":557,"column":26},"end":{"line":557,"column":null}},"124":{"start":{"line":557,"column":57},"end":{"line":557,"column":null}},"125":{"start":{"line":559,"column":41},"end":{"line":562,"column":null}},"126":{"start":{"line":560,"column":30},"end":{"line":561,"column":null}},"127":{"start":{"line":563,"column":26},"end":{"line":563,"column":null}},"128":{"start":{"line":566,"column":26},"end":{"line":566,"column":null}},"129":{"start":{"line":566,"column":57},"end":{"line":566,"column":null}},"130":{"start":{"line":568,"column":43},"end":{"line":568,"column":null}},"131":{"start":{"line":569,"column":43},"end":{"line":569,"column":null}},"132":{"start":{"line":571,"column":40},"end":{"line":571,"column":null}},"133":{"start":{"line":571,"column":121},"end":{"line":571,"column":141}},"134":{"start":{"line":572,"column":40},"end":{"line":572,"column":null}},"135":{"start":{"line":572,"column":121},"end":{"line":572,"column":141}},"136":{"start":{"line":574,"column":26},"end":{"line":574,"column":null}}},"fnMap":{"0":{"name":"App","decl":{"start":{"line":32,"column":9},"end":{"line":32,"column":15}},"loc":{"start":{"line":32,"column":15},"end":{"line":588,"column":null}},"line":32},"1":{"name":"(anonymous_1)","decl":{"start":{"line":60,"column":24},"end":{"line":60,"column":30}},"loc":{"start":{"line":60,"column":24},"end":{"line":72,"column":6}},"line":60},"2":{"name":"(anonymous_2)","decl":{"start":{"line":74,"column":12},"end":{"line":74,"column":18}},"loc":{"start":{"line":74,"column":18},"end":{"line":76,"column":5}},"line":74},"3":{"name":"(anonymous_3)","decl":{"start":{"line":78,"column":12},"end":{"line":78,"column":18}},"loc":{"start":{"line":78,"column":18},"end":{"line":82,"column":5}},"line":78},"4":{"name":"(anonymous_4)","decl":{"start":{"line":81,"column":11},"end":{"line":81,"column":18}},"loc":{"start":{"line":81,"column":18},"end":{"line":81,"column":null}},"line":81},"5":{"name":"(anonymous_5)","decl":{"start":{"line":84,"column":23},"end":{"line":84,"column":35}},"loc":{"start":{"line":84,"column":35},"end":{"line":89,"column":null}},"line":84},"6":{"name":"(anonymous_6)","decl":{"start":{"line":91,"column":18},"end":{"line":91,"column":25}},"loc":{"start":{"line":91,"column":31},"end":{"line":103,"column":null}},"line":91},"7":{"name":"(anonymous_7)","decl":{"start":{"line":105,"column":22},"end":{"line":105,"column":28}},"loc":{"start":{"line":105,"column":28},"end":{"line":107,"column":null}},"line":105},"8":{"name":"(anonymous_8)","decl":{"start":{"line":109,"column":15},"end":{"line":109,"column":22}},"loc":{"start":{"line":109,"column":31},"end":{"line":129,"column":null}},"line":109},"9":{"name":"(anonymous_9)","decl":{"start":{"line":131,"column":28},"end":{"line":131,"column":35}},"loc":{"start":{"line":131,"column":41},"end":{"line":208,"column":null}},"line":131},"10":{"name":"(anonymous_10)","decl":{"start":{"line":136,"column":19},"end":{"line":136,"column":27}},"loc":{"start":{"line":136,"column":27},"end":{"line":140,"column":5}},"line":136},"11":{"name":"(anonymous_11)","decl":{"start":{"line":176,"column":55},"end":{"line":176,"column":60}},"loc":{"start":{"line":176,"column":60},"end":{"line":176,"column":68}},"line":176},"12":{"name":"(anonymous_12)","decl":{"start":{"line":183,"column":23},"end":{"line":183,"column":29}},"loc":{"start":{"line":183,"column":29},"end":{"line":187,"column":15}},"line":183},"13":{"name":"(anonymous_13)","decl":{"start":{"line":192,"column":25},"end":{"line":192,"column":33}},"loc":{"start":{"line":192,"column":33},"end":{"line":196,"column":11}},"line":192},"14":{"name":"(anonymous_14)","decl":{"start":{"line":200,"column":21},"end":{"line":200,"column":29}},"loc":{"start":{"line":200,"column":29},"end":{"line":204,"column":7}},"line":200},"15":{"name":"(anonymous_15)","decl":{"start":{"line":269,"column":37},"end":{"line":269,"column":43}},"loc":{"start":{"line":269,"column":43},"end":{"line":269,"column":71}},"line":269},"16":{"name":"(anonymous_16)","decl":{"start":{"line":278,"column":28},"end":{"line":278,"column":29}},"loc":{"start":{"line":278,"column":35},"end":{"line":278,"column":null}},"line":278},"17":{"name":"(anonymous_17)","decl":{"start":{"line":282,"column":31},"end":{"line":282,"column":32}},"loc":{"start":{"line":282,"column":39},"end":{"line":282,"column":96}},"line":282},"18":{"name":"(anonymous_18)","decl":{"start":{"line":309,"column":30},"end":{"line":309,"column":31}},"loc":{"start":{"line":309,"column":37},"end":{"line":309,"column":null}},"line":309},"19":{"name":"(anonymous_19)","decl":{"start":{"line":337,"column":45},"end":{"line":337,"column":46}},"loc":{"start":{"line":337,"column":62},"end":{"line":337,"column":81}},"line":337},"20":{"name":"(anonymous_20)","decl":{"start":{"line":371,"column":35},"end":{"line":371,"column":41}},"loc":{"start":{"line":371,"column":41},"end":{"line":371,"column":null}},"line":371},"21":{"name":"(anonymous_21)","decl":{"start":{"line":421,"column":35},"end":{"line":421,"column":41}},"loc":{"start":{"line":421,"column":41},"end":{"line":421,"column":null}},"line":421},"22":{"name":"(anonymous_22)","decl":{"start":{"line":456,"column":31},"end":{"line":456,"column":37}},"loc":{"start":{"line":456,"column":37},"end":{"line":456,"column":null}},"line":456},"23":{"name":"(anonymous_23)","decl":{"start":{"line":465,"column":31},"end":{"line":465,"column":37}},"loc":{"start":{"line":465,"column":37},"end":{"line":465,"column":null}},"line":465},"24":{"name":"(anonymous_24)","decl":{"start":{"line":485,"column":47},"end":{"line":485,"column":53}},"loc":{"start":{"line":485,"column":53},"end":{"line":485,"column":89}},"line":485},"25":{"name":"(anonymous_25)","decl":{"start":{"line":490,"column":47},"end":{"line":490,"column":53}},"loc":{"start":{"line":490,"column":53},"end":{"line":490,"column":85}},"line":490},"26":{"name":"(anonymous_26)","decl":{"start":{"line":498,"column":39},"end":{"line":498,"column":40}},"loc":{"start":{"line":498,"column":55},"end":{"line":514,"column":23}},"line":498},"27":{"name":"(anonymous_27)","decl":{"start":{"line":531,"column":56},"end":{"line":531,"column":57}},"loc":{"start":{"line":531,"column":63},"end":{"line":531,"column":93}},"line":531},"28":{"name":"(anonymous_28)","decl":{"start":{"line":556,"column":35},"end":{"line":556,"column":36}},"loc":{"start":{"line":556,"column":45},"end":{"line":564,"column":null}},"line":556},"29":{"name":"(anonymous_29)","decl":{"start":{"line":559,"column":73},"end":{"line":559,"column":null}},"loc":{"start":{"line":560,"column":30},"end":{"line":561,"column":null}},"line":560},"30":{"name":"(anonymous_30)","decl":{"start":{"line":565,"column":35},"end":{"line":565,"column":36}},"loc":{"start":{"line":565,"column":45},"end":{"line":575,"column":null}},"line":565},"31":{"name":"(anonymous_31)","decl":{"start":{"line":571,"column":116},"end":{"line":571,"column":121}},"loc":{"start":{"line":571,"column":121},"end":{"line":571,"column":141}},"line":571},"32":{"name":"(anonymous_32)","decl":{"start":{"line":572,"column":116},"end":{"line":572,"column":121}},"loc":{"start":{"line":572,"column":121},"end":{"line":572,"column":141}},"line":572}},"branchMap":{"0":{"loc":{"start":{"line":65,"column":12},"end":{"line":65,"column":null}},"type":"cond-expr","locations":[{"start":{"line":65,"column":25},"end":{"line":65,"column":34}},{"start":{"line":65,"column":34},"end":{"line":65,"column":null}}],"line":65},"1":{"loc":{"start":{"line":68,"column":17},"end":{"line":68,"column":null}},"type":"cond-expr","locations":[{"start":{"line":68,"column":30},"end":{"line":68,"column":42}},{"start":{"line":68,"column":42},"end":{"line":68,"column":null}}],"line":68},"2":{"loc":{"start":{"line":69,"column":15},"end":{"line":69,"column":null}},"type":"cond-expr","locations":[{"start":{"line":69,"column":28},"end":{"line":69,"column":40}},{"start":{"line":69,"column":40},"end":{"line":69,"column":null}}],"line":69},"3":{"loc":{"start":{"line":87,"column":6},"end":{"line":87,"column":null}},"type":"if","locations":[{"start":{"line":87,"column":6},"end":{"line":87,"column":null}},{"start":{},"end":{}}],"line":87},"4":{"loc":{"start":{"line":93,"column":4},"end":{"line":93,"column":null}},"type":"if","locations":[{"start":{"line":93,"column":4},"end":{"line":93,"column":null}},{"start":{},"end":{}}],"line":93},"5":{"loc":{"start":{"line":101,"column":6},"end":{"line":101,"column":null}},"type":"if","locations":[{"start":{"line":101,"column":6},"end":{"line":101,"column":null}},{"start":{},"end":{}}],"line":101},"6":{"loc":{"start":{"line":121,"column":4},"end":{"line":121,"column":null}},"type":"if","locations":[{"start":{"line":121,"column":4},"end":{"line":121,"column":null}},{"start":{},"end":{}}],"line":121},"7":{"loc":{"start":{"line":133,"column":4},"end":{"line":133,"column":null}},"type":"if","locations":[{"start":{"line":133,"column":4},"end":{"line":133,"column":null}},{"start":{},"end":{}}],"line":133},"8":{"loc":{"start":{"line":157,"column":6},"end":{"line":157,"column":null}},"type":"if","locations":[{"start":{"line":157,"column":6},"end":{"line":157,"column":null}},{"start":{},"end":{}}],"line":157},"9":{"loc":{"start":{"line":170,"column":8},"end":{"line":197,"column":null}},"type":"if","locations":[{"start":{"line":170,"column":8},"end":{"line":197,"column":null}},{"start":{},"end":{}}],"line":170},"10":{"loc":{"start":{"line":175,"column":10},"end":{"line":190,"column":null}},"type":"if","locations":[{"start":{"line":175,"column":10},"end":{"line":190,"column":null}},{"start":{},"end":{}}],"line":175},"11":{"loc":{"start":{"line":175,"column":14},"end":{"line":175,"column":45}},"type":"binary-expr","locations":[{"start":{"line":175,"column":14},"end":{"line":175,"column":28}},{"start":{"line":175,"column":28},"end":{"line":175,"column":45}}],"line":175},"12":{"loc":{"start":{"line":184,"column":16},"end":{"line":186,"column":null}},"type":"if","locations":[{"start":{"line":184,"column":16},"end":{"line":186,"column":null}},{"start":{},"end":{}}],"line":184},"13":{"loc":{"start":{"line":256,"column":9},"end":{"line":286,"column":null}},"type":"binary-expr","locations":[{"start":{"line":256,"column":9},"end":{"line":256,"column":null}},{"start":{"line":257,"column":10},"end":{"line":286,"column":null}}],"line":256},"14":{"loc":{"start":{"line":268,"column":43},"end":{"line":268,"column":72}},"type":"cond-expr","locations":[{"start":{"line":268,"column":56},"end":{"line":268,"column":66}},{"start":{"line":268,"column":66},"end":{"line":268,"column":72}}],"line":268},"15":{"loc":{"start":{"line":270,"column":19},"end":{"line":270,"column":null}},"type":"cond-expr","locations":[{"start":{"line":270,"column":32},"end":{"line":270,"column":48}},{"start":{"line":270,"column":48},"end":{"line":270,"column":null}}],"line":270},"16":{"loc":{"start":{"line":289,"column":9},"end":{"line":322,"column":null}},"type":"binary-expr","locations":[{"start":{"line":289,"column":9},"end":{"line":289,"column":null}},{"start":{"line":290,"column":10},"end":{"line":322,"column":null}}],"line":289},"17":{"loc":{"start":{"line":291,"column":120},"end":{"line":291,"column":174}},"type":"cond-expr","locations":[{"start":{"line":291,"column":133},"end":{"line":291,"column":167}},{"start":{"line":291,"column":167},"end":{"line":291,"column":174}}],"line":291},"18":{"loc":{"start":{"line":300,"column":23},"end":{"line":300,"column":null}},"type":"cond-expr","locations":[{"start":{"line":300,"column":36},"end":{"line":300,"column":59}},{"start":{"line":300,"column":59},"end":{"line":300,"column":null}}],"line":300},"19":{"loc":{"start":{"line":301,"column":22},"end":{"line":301,"column":null}},"type":"cond-expr","locations":[{"start":{"line":301,"column":35},"end":{"line":301,"column":69}},{"start":{"line":301,"column":69},"end":{"line":301,"column":null}}],"line":301},"20":{"loc":{"start":{"line":302,"column":25},"end":{"line":302,"column":null}},"type":"cond-expr","locations":[{"start":{"line":302,"column":38},"end":{"line":302,"column":71}},{"start":{"line":302,"column":71},"end":{"line":302,"column":null}}],"line":302},"21":{"loc":{"start":{"line":315,"column":31},"end":{"line":315,"column":null}},"type":"cond-expr","locations":[{"start":{"line":315,"column":41},"end":{"line":315,"column":74}},{"start":{"line":315,"column":74},"end":{"line":315,"column":null}}],"line":315},"22":{"loc":{"start":{"line":317,"column":21},"end":{"line":317,"column":null}},"type":"cond-expr","locations":[{"start":{"line":317,"column":31},"end":{"line":317,"column":48}},{"start":{"line":317,"column":48},"end":{"line":317,"column":null}}],"line":317},"23":{"loc":{"start":{"line":325,"column":9},"end":{"line":583,"column":null}},"type":"binary-expr","locations":[{"start":{"line":325,"column":9},"end":{"line":325,"column":null}},{"start":{"line":326,"column":10},"end":{"line":583,"column":null}}],"line":325},"24":{"loc":{"start":{"line":328,"column":20},"end":{"line":328,"column":null}},"type":"cond-expr","locations":[{"start":{"line":328,"column":35},"end":{"line":328,"column":45}},{"start":{"line":328,"column":45},"end":{"line":328,"column":null}}],"line":328},"25":{"loc":{"start":{"line":332,"column":13},"end":{"line":343,"column":null}},"type":"binary-expr","locations":[{"start":{"line":332,"column":13},"end":{"line":332,"column":null}},{"start":{"line":333,"column":14},"end":{"line":343,"column":null}}],"line":332},"26":{"loc":{"start":{"line":347,"column":44},"end":{"line":347,"column":null}},"type":"cond-expr","locations":[{"start":{"line":347,"column":59},"end":{"line":347,"column":63}},{"start":{"line":347,"column":63},"end":{"line":347,"column":null}}],"line":347},"27":{"loc":{"start":{"line":352,"column":15},"end":{"line":398,"column":null}},"type":"binary-expr","locations":[{"start":{"line":352,"column":15},"end":{"line":352,"column":null}},{"start":{"line":353,"column":16},"end":{"line":398,"column":null}}],"line":352},"28":{"loc":{"start":{"line":353,"column":37},"end":{"line":353,"column":66}},"type":"cond-expr","locations":[{"start":{"line":353,"column":52},"end":{"line":353,"column":60}},{"start":{"line":353,"column":60},"end":{"line":353,"column":66}}],"line":353},"29":{"loc":{"start":{"line":355,"column":23},"end":{"line":355,"column":null}},"type":"cond-expr","locations":[{"start":{"line":355,"column":38},"end":{"line":355,"column":42}},{"start":{"line":355,"column":42},"end":{"line":355,"column":null}}],"line":355},"30":{"loc":{"start":{"line":356,"column":31},"end":{"line":356,"column":null}},"type":"cond-expr","locations":[{"start":{"line":356,"column":46},"end":{"line":356,"column":56}},{"start":{"line":356,"column":56},"end":{"line":356,"column":null}}],"line":356},"31":{"loc":{"start":{"line":358,"column":28},"end":{"line":358,"column":65}},"type":"cond-expr","locations":[{"start":{"line":358,"column":43},"end":{"line":358,"column":52}},{"start":{"line":358,"column":52},"end":{"line":358,"column":65}}],"line":358},"32":{"loc":{"start":{"line":359,"column":34},"end":{"line":359,"column":57}},"type":"cond-expr","locations":[{"start":{"line":359,"column":49},"end":{"line":359,"column":53}},{"start":{"line":359,"column":53},"end":{"line":359,"column":57}}],"line":359},"33":{"loc":{"start":{"line":359,"column":68},"end":{"line":359,"column":null}},"type":"cond-expr","locations":[{"start":{"line":359,"column":83},"end":{"line":359,"column":92}},{"start":{"line":359,"column":92},"end":{"line":359,"column":null}}],"line":359},"34":{"loc":{"start":{"line":370,"column":37},"end":{"line":370,"column":null}},"type":"cond-expr","locations":[{"start":{"line":370,"column":52},"end":{"line":370,"column":73}},{"start":{"line":370,"column":73},"end":{"line":370,"column":null}}],"line":370},"35":{"loc":{"start":{"line":374,"column":27},"end":{"line":374,"column":null}},"type":"cond-expr","locations":[{"start":{"line":374,"column":42},"end":{"line":374,"column":62}},{"start":{"line":374,"column":62},"end":{"line":374,"column":null}}],"line":374},"36":{"loc":{"start":{"line":385,"column":41},"end":{"line":385,"column":77}},"type":"cond-expr","locations":[{"start":{"line":385,"column":54},"end":{"line":385,"column":66}},{"start":{"line":385,"column":66},"end":{"line":385,"column":77}}],"line":385},"37":{"loc":{"start":{"line":386,"column":41},"end":{"line":386,"column":77}},"type":"cond-expr","locations":[{"start":{"line":386,"column":54},"end":{"line":386,"column":66}},{"start":{"line":386,"column":66},"end":{"line":386,"column":77}}],"line":386},"38":{"loc":{"start":{"line":390,"column":44},"end":{"line":390,"column":80}},"type":"cond-expr","locations":[{"start":{"line":390,"column":57},"end":{"line":390,"column":69}},{"start":{"line":390,"column":69},"end":{"line":390,"column":80}}],"line":390},"39":{"loc":{"start":{"line":391,"column":43},"end":{"line":391,"column":79}},"type":"cond-expr","locations":[{"start":{"line":391,"column":56},"end":{"line":391,"column":68}},{"start":{"line":391,"column":68},"end":{"line":391,"column":79}}],"line":391},"40":{"loc":{"start":{"line":402,"column":15},"end":{"line":445,"column":null}},"type":"binary-expr","locations":[{"start":{"line":402,"column":15},"end":{"line":402,"column":null}},{"start":{"line":403,"column":16},"end":{"line":445,"column":null}}],"line":402},"41":{"loc":{"start":{"line":403,"column":37},"end":{"line":403,"column":66}},"type":"cond-expr","locations":[{"start":{"line":403,"column":52},"end":{"line":403,"column":60}},{"start":{"line":403,"column":60},"end":{"line":403,"column":66}}],"line":403},"42":{"loc":{"start":{"line":405,"column":23},"end":{"line":405,"column":null}},"type":"cond-expr","locations":[{"start":{"line":405,"column":38},"end":{"line":405,"column":42}},{"start":{"line":405,"column":42},"end":{"line":405,"column":null}}],"line":405},"43":{"loc":{"start":{"line":406,"column":31},"end":{"line":406,"column":null}},"type":"cond-expr","locations":[{"start":{"line":406,"column":46},"end":{"line":406,"column":56}},{"start":{"line":406,"column":56},"end":{"line":406,"column":null}}],"line":406},"44":{"loc":{"start":{"line":408,"column":28},"end":{"line":408,"column":65}},"type":"cond-expr","locations":[{"start":{"line":408,"column":43},"end":{"line":408,"column":52}},{"start":{"line":408,"column":52},"end":{"line":408,"column":65}}],"line":408},"45":{"loc":{"start":{"line":409,"column":34},"end":{"line":409,"column":57}},"type":"cond-expr","locations":[{"start":{"line":409,"column":49},"end":{"line":409,"column":53}},{"start":{"line":409,"column":53},"end":{"line":409,"column":57}}],"line":409},"46":{"loc":{"start":{"line":409,"column":68},"end":{"line":409,"column":null}},"type":"cond-expr","locations":[{"start":{"line":409,"column":83},"end":{"line":409,"column":92}},{"start":{"line":409,"column":92},"end":{"line":409,"column":null}}],"line":409},"47":{"loc":{"start":{"line":420,"column":37},"end":{"line":420,"column":null}},"type":"cond-expr","locations":[{"start":{"line":420,"column":52},"end":{"line":420,"column":73}},{"start":{"line":420,"column":73},"end":{"line":420,"column":null}}],"line":420},"48":{"loc":{"start":{"line":424,"column":27},"end":{"line":424,"column":null}},"type":"cond-expr","locations":[{"start":{"line":424,"column":42},"end":{"line":424,"column":62}},{"start":{"line":424,"column":62},"end":{"line":424,"column":null}}],"line":424},"49":{"loc":{"start":{"line":435,"column":41},"end":{"line":435,"column":77}},"type":"cond-expr","locations":[{"start":{"line":435,"column":54},"end":{"line":435,"column":66}},{"start":{"line":435,"column":66},"end":{"line":435,"column":77}}],"line":435},"50":{"loc":{"start":{"line":436,"column":41},"end":{"line":436,"column":77}},"type":"cond-expr","locations":[{"start":{"line":436,"column":54},"end":{"line":436,"column":66}},{"start":{"line":436,"column":66},"end":{"line":436,"column":77}}],"line":436},"51":{"loc":{"start":{"line":449,"column":15},"end":{"line":468,"column":null}},"type":"binary-expr","locations":[{"start":{"line":449,"column":15},"end":{"line":449,"column":null}},{"start":{"line":450,"column":16},"end":{"line":468,"column":null}}],"line":449},"52":{"loc":{"start":{"line":450,"column":96},"end":{"line":450,"column":149}},"type":"cond-expr","locations":[{"start":{"line":450,"column":109},"end":{"line":450,"column":129}},{"start":{"line":450,"column":129},"end":{"line":450,"column":149}}],"line":450},"53":{"loc":{"start":{"line":450,"column":198},"end":{"line":450,"column":220}},"type":"cond-expr","locations":[{"start":{"line":450,"column":213},"end":{"line":450,"column":217}},{"start":{"line":450,"column":217},"end":{"line":450,"column":220}}],"line":450},"54":{"loc":{"start":{"line":455,"column":33},"end":{"line":455,"column":null}},"type":"cond-expr","locations":[{"start":{"line":455,"column":48},"end":{"line":455,"column":69}},{"start":{"line":455,"column":69},"end":{"line":455,"column":null}}],"line":455},"55":{"loc":{"start":{"line":458,"column":23},"end":{"line":458,"column":null}},"type":"cond-expr","locations":[{"start":{"line":458,"column":38},"end":{"line":458,"column":58}},{"start":{"line":458,"column":58},"end":{"line":458,"column":null}}],"line":458},"56":{"loc":{"start":{"line":465,"column":37},"end":{"line":465,"column":null}},"type":"cond-expr","locations":[{"start":{"line":465,"column":50},"end":{"line":465,"column":79}},{"start":{"line":465,"column":79},"end":{"line":465,"column":null}}],"line":465},"57":{"loc":{"start":{"line":472,"column":15},"end":{"line":579,"column":null}},"type":"binary-expr","locations":[{"start":{"line":472,"column":15},"end":{"line":472,"column":null}},{"start":{"line":473,"column":16},"end":{"line":579,"column":null}}],"line":472},"58":{"loc":{"start":{"line":476,"column":180},"end":{"line":476,"column":202}},"type":"cond-expr","locations":[{"start":{"line":476,"column":195},"end":{"line":476,"column":199}},{"start":{"line":476,"column":199},"end":{"line":476,"column":202}}],"line":476},"59":{"loc":{"start":{"line":477,"column":87},"end":{"line":477,"column":123}},"type":"cond-expr","locations":[{"start":{"line":477,"column":100},"end":{"line":477,"column":112}},{"start":{"line":477,"column":112},"end":{"line":477,"column":123}}],"line":477},"60":{"loc":{"start":{"line":484,"column":40},"end":{"line":484,"column":null}},"type":"cond-expr","locations":[{"start":{"line":484,"column":57},"end":{"line":484,"column":80}},{"start":{"line":484,"column":80},"end":{"line":484,"column":null}}],"line":484},"61":{"loc":{"start":{"line":489,"column":40},"end":{"line":489,"column":null}},"type":"cond-expr","locations":[{"start":{"line":489,"column":55},"end":{"line":489,"column":75}},{"start":{"line":489,"column":75},"end":{"line":489,"column":null}}],"line":489},"62":{"loc":{"start":{"line":491,"column":29},"end":{"line":491,"column":null}},"type":"cond-expr","locations":[{"start":{"line":491,"column":44},"end":{"line":491,"column":65}},{"start":{"line":491,"column":65},"end":{"line":491,"column":null}}],"line":491},"63":{"loc":{"start":{"line":501,"column":82},"end":{"line":501,"column":130}},"type":"cond-expr","locations":[{"start":{"line":501,"column":104},"end":{"line":501,"column":117}},{"start":{"line":501,"column":117},"end":{"line":501,"column":130}}],"line":501},"64":{"loc":{"start":{"line":504,"column":39},"end":{"line":504,"column":null}},"type":"cond-expr","locations":[{"start":{"line":504,"column":61},"end":{"line":504,"column":79}},{"start":{"line":504,"column":79},"end":{"line":504,"column":null}}],"line":504},"65":{"loc":{"start":{"line":504,"column":79},"end":{"line":504,"column":null}},"type":"cond-expr","locations":[{"start":{"line":504,"column":92},"end":{"line":504,"column":104}},{"start":{"line":504,"column":104},"end":{"line":504,"column":null}}],"line":504},"66":{"loc":{"start":{"line":505,"column":37},"end":{"line":505,"column":null}},"type":"cond-expr","locations":[{"start":{"line":505,"column":59},"end":{"line":505,"column":71}},{"start":{"line":505,"column":71},"end":{"line":505,"column":null}}],"line":505},"67":{"loc":{"start":{"line":506,"column":38},"end":{"line":506,"column":null}},"type":"cond-expr","locations":[{"start":{"line":506,"column":75},"end":{"line":506,"column":105}},{"start":{"line":506,"column":105},"end":{"line":506,"column":null}}],"line":506},"68":{"loc":{"start":{"line":506,"column":38},"end":{"line":506,"column":75}},"type":"binary-expr","locations":[{"start":{"line":506,"column":38},"end":{"line":506,"column":61}},{"start":{"line":506,"column":61},"end":{"line":506,"column":75}}],"line":506},"69":{"loc":{"start":{"line":507,"column":50},"end":{"line":507,"column":86}},"type":"cond-expr","locations":[{"start":{"line":507,"column":63},"end":{"line":507,"column":75}},{"start":{"line":507,"column":75},"end":{"line":507,"column":86}}],"line":507},"70":{"loc":{"start":{"line":508,"column":99},"end":{"line":508,"column":170}},"type":"cond-expr","locations":[{"start":{"line":508,"column":121},"end":{"line":508,"column":134}},{"start":{"line":508,"column":134},"end":{"line":508,"column":170}}],"line":508},"71":{"loc":{"start":{"line":508,"column":134},"end":{"line":508,"column":170}},"type":"cond-expr","locations":[{"start":{"line":508,"column":147},"end":{"line":508,"column":159}},{"start":{"line":508,"column":159},"end":{"line":508,"column":170}}],"line":508},"72":{"loc":{"start":{"line":510,"column":31},"end":{"line":510,"column":null}},"type":"cond-expr","locations":[{"start":{"line":510,"column":54},"end":{"line":510,"column":97}},{"start":{"line":510,"column":97},"end":{"line":510,"column":null}}],"line":510},"73":{"loc":{"start":{"line":516,"column":23},"end":{"line":521,"column":null}},"type":"binary-expr","locations":[{"start":{"line":516,"column":23},"end":{"line":516,"column":37}},{"start":{"line":516,"column":37},"end":{"line":516,"column":null}},{"start":{"line":517,"column":24},"end":{"line":521,"column":null}}],"line":516},"74":{"loc":{"start":{"line":518,"column":69},"end":{"line":518,"column":105}},"type":"cond-expr","locations":[{"start":{"line":518,"column":82},"end":{"line":518,"column":94}},{"start":{"line":518,"column":94},"end":{"line":518,"column":105}}],"line":518},"75":{"loc":{"start":{"line":518,"column":138},"end":{"line":518,"column":189}},"type":"cond-expr","locations":[{"start":{"line":518,"column":152},"end":{"line":518,"column":182}},{"start":{"line":518,"column":182},"end":{"line":518,"column":189}}],"line":518},"76":{"loc":{"start":{"line":526,"column":84},"end":{"line":526,"column":119}},"type":"cond-expr","locations":[{"start":{"line":526,"column":97},"end":{"line":526,"column":109}},{"start":{"line":526,"column":109},"end":{"line":526,"column":119}}],"line":526},"77":{"loc":{"start":{"line":532,"column":73},"end":{"line":532,"column":116}},"type":"cond-expr","locations":[{"start":{"line":532,"column":86},"end":{"line":532,"column":106}},{"start":{"line":532,"column":106},"end":{"line":532,"column":116}}],"line":532},"78":{"loc":{"start":{"line":534,"column":78},"end":{"line":534,"column":111}},"type":"binary-expr","locations":[{"start":{"line":534,"column":78},"end":{"line":534,"column":92}},{"start":{"line":534,"column":92},"end":{"line":534,"column":111}}],"line":534},"79":{"loc":{"start":{"line":543,"column":19},"end":{"line":577,"column":null}},"type":"binary-expr","locations":[{"start":{"line":543,"column":19},"end":{"line":543,"column":null}},{"start":{"line":544,"column":20},"end":{"line":577,"column":null}}],"line":543},"80":{"loc":{"start":{"line":544,"column":93},"end":{"line":544,"column":146}},"type":"cond-expr","locations":[{"start":{"line":544,"column":106},"end":{"line":544,"column":126}},{"start":{"line":544,"column":126},"end":{"line":544,"column":146}}],"line":544},"81":{"loc":{"start":{"line":544,"column":195},"end":{"line":544,"column":217}},"type":"cond-expr","locations":[{"start":{"line":544,"column":210},"end":{"line":544,"column":214}},{"start":{"line":544,"column":214},"end":{"line":544,"column":217}}],"line":544},"82":{"loc":{"start":{"line":546,"column":85},"end":{"line":546,"column":143}},"type":"cond-expr","locations":[{"start":{"line":546,"column":111},"end":{"line":546,"column":126}},{"start":{"line":546,"column":126},"end":{"line":546,"column":143}}],"line":546},"83":{"loc":{"start":{"line":547,"column":27},"end":{"line":547,"column":null}},"type":"cond-expr","locations":[{"start":{"line":547,"column":53},"end":{"line":547,"column":103}},{"start":{"line":547,"column":103},"end":{"line":547,"column":null}}],"line":547},"84":{"loc":{"start":{"line":557,"column":26},"end":{"line":557,"column":null}},"type":"if","locations":[{"start":{"line":557,"column":26},"end":{"line":557,"column":null}},{"start":{},"end":{}}],"line":557},"85":{"loc":{"start":{"line":560,"column":30},"end":{"line":561,"column":null}},"type":"binary-expr","locations":[{"start":{"line":560,"column":30},"end":{"line":560,"column":41}},{"start":{"line":560,"column":41},"end":{"line":560,"column":72}},{"start":{"line":560,"column":72},"end":{"line":560,"column":null}},{"start":{"line":561,"column":30},"end":{"line":561,"column":43}},{"start":{"line":561,"column":43},"end":{"line":561,"column":76}},{"start":{"line":561,"column":76},"end":{"line":561,"column":null}}],"line":560},"86":{"loc":{"start":{"line":563,"column":33},"end":{"line":563,"column":null}},"type":"cond-expr","locations":[{"start":{"line":563,"column":42},"end":{"line":563,"column":55}},{"start":{"line":563,"column":55},"end":{"line":563,"column":null}}],"line":563},"87":{"loc":{"start":{"line":563,"column":55},"end":{"line":563,"column":null}},"type":"cond-expr","locations":[{"start":{"line":563,"column":68},"end":{"line":563,"column":80}},{"start":{"line":563,"column":80},"end":{"line":563,"column":null}}],"line":563},"88":{"loc":{"start":{"line":566,"column":26},"end":{"line":566,"column":null}},"type":"if","locations":[{"start":{"line":566,"column":26},"end":{"line":566,"column":null}},{"start":{},"end":{}}],"line":566},"89":{"loc":{"start":{"line":566,"column":64},"end":{"line":566,"column":null}},"type":"cond-expr","locations":[{"start":{"line":566,"column":77},"end":{"line":566,"column":106}},{"start":{"line":566,"column":106},"end":{"line":566,"column":null}}],"line":566},"90":{"loc":{"start":{"line":568,"column":43},"end":{"line":568,"column":null}},"type":"cond-expr","locations":[{"start":{"line":568,"column":77},"end":{"line":568,"column":94}},{"start":{"line":568,"column":94},"end":{"line":568,"column":null}}],"line":568},"91":{"loc":{"start":{"line":569,"column":43},"end":{"line":569,"column":null}},"type":"cond-expr","locations":[{"start":{"line":569,"column":77},"end":{"line":569,"column":94}},{"start":{"line":569,"column":94},"end":{"line":569,"column":null}}],"line":569},"92":{"loc":{"start":{"line":571,"column":40},"end":{"line":571,"column":null}},"type":"binary-expr","locations":[{"start":{"line":571,"column":40},"end":{"line":571,"column":52}},{"start":{"line":571,"column":52},"end":{"line":571,"column":84}},{"start":{"line":571,"column":84},"end":{"line":571,"column":null}}],"line":571},"93":{"loc":{"start":{"line":572,"column":40},"end":{"line":572,"column":null}},"type":"binary-expr","locations":[{"start":{"line":572,"column":40},"end":{"line":572,"column":52}},{"start":{"line":572,"column":52},"end":{"line":572,"column":84}},{"start":{"line":572,"column":84},"end":{"line":572,"column":null}}],"line":572},"94":{"loc":{"start":{"line":574,"column":33},"end":{"line":574,"column":null}},"type":"cond-expr","locations":[{"start":{"line":574,"column":50},"end":{"line":574,"column":77}},{"start":{"line":574,"column":77},"end":{"line":574,"column":null}}],"line":574},"95":{"loc":{"start":{"line":574,"column":33},"end":{"line":574,"column":50}},"type":"binary-expr","locations":[{"start":{"line":574,"column":33},"end":{"line":574,"column":42}},{"start":{"line":574,"column":42},"end":{"line":574,"column":50}}],"line":574}},"s":{"0":22,"1":22,"2":22,"3":22,"4":22,"5":22,"6":22,"7":22,"8":22,"9":22,"10":22,"11":22,"12":22,"13":22,"14":22,"15":22,"16":22,"17":22,"18":22,"19":6,"20":22,"21":10,"22":22,"23":5,"24":5,"25":5,"26":5,"27":22,"28":8,"29":8,"30":8,"31":8,"32":22,"33":4,"34":4,"35":1,"36":3,"37":3,"38":3,"39":3,"40":3,"41":3,"42":3,"43":3,"44":22,"45":1,"46":22,"47":3,"48":3,"49":3,"50":3,"51":3,"52":3,"53":0,"54":3,"55":0,"56":3,"57":3,"58":3,"59":3,"60":3,"61":22,"62":2,"63":2,"64":1,"65":1,"66":1,"67":1,"68":1,"69":1,"70":1,"71":1,"72":1,"73":1,"74":0,"75":1,"76":1,"77":1,"78":1,"79":1,"80":1,"81":2,"82":2,"83":2,"84":1,"85":1,"86":1,"87":1,"88":1,"89":1,"90":1,"91":1,"92":1,"93":1,"94":0,"95":1,"96":1,"97":1,"98":1,"99":1,"100":0,"101":0,"102":0,"103":0,"104":1,"105":22,"106":1,"107":0,"108":0,"109":0,"110":0,"111":11,"112":3,"113":3,"114":0,"115":0,"116":0,"117":0,"118":0,"119":0,"120":8,"121":8,"122":1,"123":0,"124":0,"125":0,"126":0,"127":0,"128":0,"129":0,"130":0,"131":0,"132":0,"133":0,"134":0,"135":0,"136":0},"f":{"0":22,"1":6,"2":10,"3":5,"4":5,"5":8,"6":4,"7":1,"8":3,"9":2,"10":1,"11":1,"12":1,"13":1,"14":0,"15":1,"16":0,"17":11,"18":3,"19":3,"20":0,"21":0,"22":0,"23":0,"24":0,"25":0,"26":8,"27":1,"28":0,"29":0,"30":0,"31":0,"32":0},"b":{"0":[5,1],"1":[5,1],"2":[5,1],"3":[8,0],"4":[1,3],"5":[3,0],"6":[0,3],"7":[1,1],"8":[0,1],"9":[1,1],"10":[1,0],"11":[1,1],"12":[0,1],"13":[22,22],"14":[21,1],"15":[21,1],"16":[22,13],"17":[12,1],"18":[12,1],"19":[12,1],"20":[12,1],"21":[3,10],"22":[3,10],"23":[22,9],"24":[0,9],"25":[9,9],"26":[0,9],"27":[9,3],"28":[0,3],"29":[0,3],"30":[0,3],"31":[0,3],"32":[0,3],"33":[0,3],"34":[0,3],"35":[0,3],"36":[3,0],"37":[3,0],"38":[3,0],"39":[3,0],"40":[9,1],"41":[0,1],"42":[0,1],"43":[0,1],"44":[0,1],"45":[0,1],"46":[0,1],"47":[0,1],"48":[0,1],"49":[1,0],"50":[1,0],"51":[9,1],"52":[1,0],"53":[0,1],"54":[0,1],"55":[0,1],"56":[0,0],"57":[9,4],"58":[0,4],"59":[4,0],"60":[1,3],"61":[0,4],"62":[0,4],"63":[2,6],"64":[2,6],"65":[6,0],"66":[2,6],"67":[0,8],"68":[8,6],"69":[8,0],"70":[2,6],"71":[6,0],"72":[2,6],"73":[4,1,1],"74":[1,0],"75":[0,1],"76":[4,0],"77":[4,0],"78":[4,3],"79":[4,1],"80":[1,0],"81":[0,1],"82":[1,0],"83":[1,0],"84":[0,0],"85":[0,0,0,0,0,0],"86":[0,0],"87":[0,0],"88":[0,0],"89":[0,0],"90":[0,0],"91":[0,0],"92":[0,0,0],"93":[0,0,0],"94":[0,0],"95":[0,0]},"meta":{"lastBranch":96,"lastFunction":33,"lastStatement":137,"seen":{"f:32:9:32:15":0,"s:33:20:33:Infinity":0,"s:34:30:34:Infinity":1,"s:35:28:35:Infinity":2,"s:37:26:37:Infinity":3,"s:38:24:38:Infinity":4,"s:39:24:39:Infinity":5,"s:40:28:40:Infinity":6,"s:41:22:41:Infinity":7,"s:43:36:43:Infinity":8,"s:44:32:44:Infinity":9,"s:45:34:45:Infinity":10,"s:47:42:47:Infinity":11,"s:50:42:50:Infinity":12,"s:52:34:52:Infinity":13,"s:53:38:53:Infinity":14,"s:55:8:55:Infinity":15,"s:56:8:56:Infinity":16,"s:58:8:58:Infinity":17,"s:60:8:72:Infinity":18,"f:60:24:60:30":1,"s:60:24:72:6":19,"b:65:25:65:34:65:34:65:Infinity":0,"b:68:30:68:42:68:42:68:Infinity":1,"b:69:28:69:40:69:40:69:Infinity":2,"s:74:2:76:Infinity":20,"f:74:12:74:18":2,"s:75:4:75:Infinity":21,"s:78:2:82:Infinity":22,"f:78:12:78:18":3,"s:79:4:79:Infinity":23,"s:80:4:80:Infinity":24,"s:81:4:81:Infinity":25,"f:81:11:81:18":4,"s:81:18:81:Infinity":26,"s:84:23:89:Infinity":27,"f:84:23:84:35":5,"s:85:4:88:Infinity":28,"s:86:18:86:Infinity":29,"b:87:6:87:Infinity:undefined:undefined:undefined:undefined":3,"s:87:6:87:Infinity":30,"s:87:27:87:Infinity":31,"s:91:18:103:Infinity":32,"f:91:18:91:25":6,"s:92:4:92:Infinity":33,"b:93:4:93:Infinity:undefined:undefined:undefined:undefined":4,"s:93:4:93:Infinity":34,"s:93:14:93:Infinity":35,"s:94:4:94:Infinity":36,"s:95:4:102:Infinity":37,"s:96:18:96:Infinity":38,"s:97:6:97:Infinity":39,"s:98:6:98:Infinity":40,"s:99:6:99:Infinity":41,"b:101:6:101:Infinity:undefined:undefined:undefined:undefined":5,"s:101:6:101:Infinity":42,"s:101:27:101:Infinity":43,"s:105:22:107:Infinity":44,"f:105:22:105:28":7,"s:106:4:106:Infinity":45,"s:109:15:129:Infinity":46,"f:109:15:109:22":8,"s:110:14:110:Infinity":47,"s:111:14:111:Infinity":48,"s:113:16:113:Infinity":49,"s:114:4:119:Infinity":50,"s:115:18:115:Infinity":51,"s:116:8:116:Infinity":52,"s:118:8:118:Infinity":53,"b:121:4:121:Infinity:undefined:undefined:undefined:undefined":6,"s:121:4:121:Infinity":54,"s:121:26:121:Infinity":55,"s:122:4:122:Infinity":56,"s:123:4:123:Infinity":57,"s:124:4:124:Infinity":58,"s:126:4:126:Infinity":59,"s:128:4:128:Infinity":60,"s:131:28:208:Infinity":61,"f:131:28:131:35":9,"s:132:4:132:Infinity":62,"b:133:4:133:Infinity:undefined:undefined:undefined:undefined":7,"s:133:4:133:Infinity":63,"s:133:27:133:Infinity":64,"s:135:24:135:Infinity":65,"s:136:4:140:Infinity":66,"f:136:19:136:27":10,"s:136:27:140:5":67,"s:142:4:142:Infinity":68,"s:143:4:143:Infinity":69,"s:145:4:145:Infinity":70,"s:147:4:207:Infinity":71,"s:148:23:155:Infinity":72,"b:157:6:157:Infinity:undefined:undefined:undefined:undefined":8,"s:157:6:157:Infinity":73,"s:157:24:157:Infinity":74,"s:159:21:159:Infinity":75,"s:160:22:160:Infinity":76,"s:161:17:161:Infinity":77,"s:162:30:162:Infinity":78,"s:164:27:164:Infinity":79,"s:166:6:198:Infinity":80,"s:167:44:167:Infinity":81,"s:168:8:168:Infinity":82,"b:170:8:197:Infinity:undefined:undefined:undefined:undefined":9,"s:170:8:197:Infinity":83,"s:171:24:171:Infinity":84,"s:172:10:172:Infinity":85,"s:174:29:174:Infinity":86,"b:175:10:190:Infinity:undefined:undefined:undefined:undefined":10,"s:175:10:190:Infinity":87,"b:175:14:175:28:175:28:175:45":11,"s:176:26:176:Infinity":88,"f:176:55:176:60":11,"s:176:60:176:68":89,"s:177:12:177:Infinity":90,"s:180:12:180:Infinity":91,"s:183:12:187:Infinity":92,"f:183:23:183:29":12,"b:184:16:186:Infinity:undefined:undefined:undefined:undefined":12,"s:184:16:186:Infinity":93,"s:185:20:185:Infinity":94,"s:189:12:189:Infinity":95,"s:192:10:196:Infinity":96,"f:192:25:192:33":13,"s:193:31:193:Infinity":97,"s:194:12:194:Infinity":98,"s:195:12:195:Infinity":99,"s:200:6:204:Infinity":100,"f:200:21:200:29":14,"s:201:27:201:Infinity":101,"s:202:8:202:Infinity":102,"s:203:8:203:Infinity":103,"s:206:6:206:Infinity":104,"s:210:2:586:Infinity":105,"b:256:9:256:Infinity:257:10:286:Infinity":13,"b:268:56:268:66:268:66:268:72":14,"f:269:37:269:43":15,"s:269:43:269:71":106,"b:270:32:270:48:270:48:270:Infinity":15,"f:278:28:278:29":16,"s:278:37:278:66":107,"s:278:66:278:88":108,"s:278:88:278:107":109,"s:278:107:278:131":110,"f:282:31:282:32":17,"s:282:39:282:96":111,"b:289:9:289:Infinity:290:10:322:Infinity":16,"b:291:133:291:167:291:167:291:174":17,"b:300:36:300:59:300:59:300:Infinity":18,"b:301:35:301:69:301:69:301:Infinity":19,"b:302:38:302:71:302:71:302:Infinity":20,"f:309:30:309:31":18,"s:309:37:309:Infinity":112,"b:315:41:315:74:315:74:315:Infinity":21,"b:317:31:317:48:317:48:317:Infinity":22,"b:325:9:325:Infinity:326:10:583:Infinity":23,"b:328:35:328:45:328:45:328:Infinity":24,"b:332:13:332:Infinity:333:14:343:Infinity":25,"f:337:45:337:46":19,"s:337:62:337:81":113,"b:347:59:347:63:347:63:347:Infinity":26,"b:352:15:352:Infinity:353:16:398:Infinity":27,"b:353:52:353:60:353:60:353:66":28,"b:355:38:355:42:355:42:355:Infinity":29,"b:356:46:356:56:356:56:356:Infinity":30,"b:358:43:358:52:358:52:358:65":31,"b:359:49:359:53:359:53:359:57":32,"b:359:83:359:92:359:92:359:Infinity":33,"b:370:52:370:73:370:73:370:Infinity":34,"f:371:35:371:41":20,"s:371:41:371:Infinity":114,"b:374:42:374:62:374:62:374:Infinity":35,"b:385:54:385:66:385:66:385:77":36,"b:386:54:386:66:386:66:386:77":37,"b:390:57:390:69:390:69:390:80":38,"b:391:56:391:68:391:68:391:79":39,"b:402:15:402:Infinity:403:16:445:Infinity":40,"b:403:52:403:60:403:60:403:66":41,"b:405:38:405:42:405:42:405:Infinity":42,"b:406:46:406:56:406:56:406:Infinity":43,"b:408:43:408:52:408:52:408:65":44,"b:409:49:409:53:409:53:409:57":45,"b:409:83:409:92:409:92:409:Infinity":46,"b:420:52:420:73:420:73:420:Infinity":47,"f:421:35:421:41":21,"s:421:41:421:Infinity":115,"b:424:42:424:62:424:62:424:Infinity":48,"b:435:54:435:66:435:66:435:77":49,"b:436:54:436:66:436:66:436:77":50,"b:449:15:449:Infinity:450:16:468:Infinity":51,"b:450:109:450:129:450:129:450:149":52,"b:450:213:450:217:450:217:450:220":53,"b:455:48:455:69:455:69:455:Infinity":54,"f:456:31:456:37":22,"s:456:37:456:Infinity":116,"b:458:38:458:58:458:58:458:Infinity":55,"f:465:31:465:37":23,"s:465:37:465:Infinity":117,"b:465:50:465:79:465:79:465:Infinity":56,"b:472:15:472:Infinity:473:16:579:Infinity":57,"b:476:195:476:199:476:199:476:202":58,"b:477:100:477:112:477:112:477:123":59,"b:484:57:484:80:484:80:484:Infinity":60,"f:485:47:485:53":24,"s:485:53:485:89":118,"b:489:55:489:75:489:75:489:Infinity":61,"f:490:47:490:53":25,"s:490:53:490:85":119,"b:491:44:491:65:491:65:491:Infinity":62,"f:498:39:498:40":26,"s:499:44:499:Infinity":120,"s:500:24:512:Infinity":121,"b:501:104:501:117:501:117:501:130":63,"b:504:61:504:79:504:79:504:Infinity":64,"b:504:92:504:104:504:104:504:Infinity":65,"b:505:59:505:71:505:71:505:Infinity":66,"b:506:75:506:105:506:105:506:Infinity":67,"b:506:38:506:61:506:61:506:75":68,"b:507:63:507:75:507:75:507:86":69,"b:508:121:508:134:508:134:508:170":70,"b:508:147:508:159:508:159:508:170":71,"b:510:54:510:97:510:97:510:Infinity":72,"b:516:23:516:37:516:37:516:Infinity:517:24:521:Infinity":73,"b:518:82:518:94:518:94:518:105":74,"b:518:152:518:182:518:182:518:189":75,"b:526:97:526:109:526:109:526:119":76,"f:531:56:531:57":27,"s:531:63:531:93":122,"b:532:86:532:106:532:106:532:116":77,"b:534:78:534:92:534:92:534:111":78,"b:543:19:543:Infinity:544:20:577:Infinity":79,"b:544:106:544:126:544:126:544:146":80,"b:544:210:544:214:544:214:544:217":81,"b:546:111:546:126:546:126:546:143":82,"b:547:53:547:103:547:103:547:Infinity":83,"f:556:35:556:36":28,"b:557:26:557:Infinity:undefined:undefined:undefined:undefined":84,"s:557:26:557:Infinity":123,"s:557:57:557:Infinity":124,"s:559:41:562:Infinity":125,"f:559:73:559:Infinity":29,"s:560:30:561:Infinity":126,"b:560:30:560:41:560:41:560:72:560:72:560:Infinity:561:30:561:43:561:43:561:76:561:76:561:Infinity":85,"s:563:26:563:Infinity":127,"b:563:42:563:55:563:55:563:Infinity":86,"b:563:68:563:80:563:80:563:Infinity":87,"f:565:35:565:36":30,"b:566:26:566:Infinity:undefined:undefined:undefined:undefined":88,"s:566:26:566:Infinity":128,"s:566:57:566:Infinity":129,"b:566:77:566:106:566:106:566:Infinity":89,"s:568:43:568:Infinity":130,"b:568:77:568:94:568:94:568:Infinity":90,"s:569:43:569:Infinity":131,"b:569:77:569:94:569:94:569:Infinity":91,"s:571:40:571:Infinity":132,"b:571:40:571:52:571:52:571:84:571:84:571:Infinity":92,"f:571:116:571:121":31,"s:571:121:571:141":133,"s:572:40:572:Infinity":134,"b:572:40:572:52:572:52:572:84:572:84:572:Infinity":93,"f:572:116:572:121":32,"s:572:121:572:141":135,"s:574:26:574:Infinity":136,"b:574:50:574:77:574:77:574:Infinity":94,"b:574:33:574:42:574:42:574:50":95}}}
}
